2025-05-20 12:02:49,593 - werkzeug - INFO - [31m[1mWARNING: This is a development server. Do not use it in a production deployment. Use a production WSGI server instead.[0m
 * Running on all addresses (0.0.0.0)
 * Running on http://127.0.0.1:9000
 * Running on http://192.168.116.97:9000
2025-05-20 12:02:49,593 - werkzeug - INFO - [33mPress CTRL+C to quit[0m
2025-05-20 12:02:49,621 - root - INFO - Recieved new state: Initialization. relative is in room kitchen_pir
2025-05-20 12:02:49,621 - root - INFO - In initialization!
2025-05-20 12:02:49,621 - root - INFO - starting heartbeat check
2025-05-20 12:02:49,621 - werkzeug - INFO - 192.168.116.236 - - [20/May/2025 12:02:49] "POST /state_listener HTTP/1.1" 200 -
2025-05-20 12:03:00,171 - root - INFO - Recieved new state: Standby. relative is in room kitchen_pir
2025-05-20 12:03:00,171 - root - INFO - turning off LED
2025-05-20 12:03:00,172 - root - INFO - turning off LED
2025-05-20 12:03:00,173 - root - INFO - And powerplug and stopping audio
2025-05-20 12:03:00,189 - werkzeug - INFO - 192.168.116.236 - - [20/May/2025 12:03:00] "POST /state_listener HTTP/1.1" 200 -
2025-05-20 12:03:17,756 - root - INFO - trying to save event
2025-05-20 12:03:17,793 - root - INFO - response from Kitchen Guard Server: <Response [200]>
2025-05-20 12:03:27,168 - root - INFO - trying to save event
2025-05-20 12:03:27,203 - root - INFO - response from Kitchen Guard Server: <Response [200]>
2025-05-20 12:03:49,757 - root - INFO - trying to save event
2025-05-20 12:03:49,857 - root - INFO - response from Kitchen Guard Server: <Response [200]>
2025-05-20 12:03:59,169 - root - INFO - trying to save event
2025-05-20 12:03:59,200 - root - INFO - response from Kitchen Guard Server: <Response [200]>
2025-05-20 12:04:03,517 - root - INFO - trying to save event
2025-05-20 12:04:03,574 - root - INFO - response from Kitchen Guard Server: <Response [200]>
2025-05-20 12:04:04,003 - root - INFO - trying to save event
2025-05-20 12:04:04,066 - root - INFO - response from Kitchen Guard Server: <Response [200]>
2025-05-20 12:04:18,687 - root - INFO - trying to save event
2025-05-20 12:04:18,783 - root - INFO - response from Kitchen Guard Server: <Response [200]>
2025-05-20 12:04:33,330 - root - INFO - trying to save event
2025-05-20 12:04:33,378 - root - INFO - response from Kitchen Guard Server: <Response [200]>
2025-05-20 12:04:33,802 - root - INFO - trying to save event
2025-05-20 12:04:33,854 - root - INFO - response from Kitchen Guard Server: <Response [200]>
2025-05-20 12:04:39,291 - root - INFO - trying to save event
2025-05-20 12:04:39,382 - root - INFO - response from Kitchen Guard Server: <Response [200]>
2025-05-20 12:04:39,383 - root - INFO - trying to save event
2025-05-20 12:04:39,417 - root - INFO - response from Kitchen Guard Server: <Response [200]>
2025-05-20 12:04:47,958 - root - INFO - trying to save event
2025-05-20 12:04:47,999 - root - INFO - response from Kitchen Guard Server: <Response [200]>
2025-05-20 12:04:47,999 - root - INFO - trying to save event
2025-05-20 12:04:48,026 - root - INFO - response from Kitchen Guard Server: <Response [200]>
2025-05-20 12:04:54,215 - root - INFO - trying to save event
2025-05-20 12:04:54,318 - root - INFO - response from Kitchen Guard Server: <Response [200]>
2025-05-20 12:04:54,318 - root - INFO - trying to save event
2025-05-20 12:04:54,347 - root - INFO - response from Kitchen Guard Server: <Response [200]>
2025-05-20 12:05:03,599 - root - INFO - trying to save event
2025-05-20 12:05:03,633 - root - INFO - response from Kitchen Guard Server: <Response [200]>
2025-05-20 12:05:04,330 - root - INFO - trying to save event
2025-05-20 12:05:04,359 - root - INFO - response from Kitchen Guard Server: <Response [200]>
2025-05-20 12:05:35,476 - root - INFO - trying to save event
2025-05-20 12:05:35,515 - root - INFO - response from Kitchen Guard Server: <Response [200]>
2025-05-20 12:05:36,330 - root - INFO - trying to save event
2025-05-20 12:05:36,389 - root - INFO - response from Kitchen Guard Server: <Response [200]>
2025-05-20 12:05:42,680 - root - INFO - trying to save event
2025-05-20 12:05:42,729 - root - INFO - response from Kitchen Guard Server: <Response [200]>
2025-05-20 12:06:05,272 - root - INFO - trying to save event
2025-05-20 12:06:05,313 - root - INFO - response from Kitchen Guard Server: <Response [200]>
2025-05-20 12:06:11,210 - root - INFO - trying to save event
2025-05-20 12:06:11,255 - root - INFO - response from Kitchen Guard Server: <Response [200]>
2025-05-20 12:06:11,256 - root - INFO - trying to save event
2025-05-20 12:06:11,288 - root - INFO - response from Kitchen Guard Server: <Response [200]>
2025-05-20 12:06:12,490 - root - INFO - trying to save event
2025-05-20 12:06:12,527 - root - INFO - response from Kitchen Guard Server: <Response [200]>
2025-05-20 12:06:37,281 - root - INFO - trying to save event
2025-05-20 12:06:37,465 - root - INFO - response from Kitchen Guard Server: <Response [200]>
2025-05-20 12:06:44,496 - root - INFO - trying to save event
2025-05-20 12:06:44,526 - root - INFO - response from Kitchen Guard Server: <Response [200]>
2025-05-20 12:06:49,282 - root - INFO - trying to save event
2025-05-20 12:06:49,365 - root - INFO - response from Kitchen Guard Server: <Response [200]>
2025-05-20 12:07:12,416 - root - INFO - trying to save event
2025-05-20 12:07:12,467 - root - INFO - response from Kitchen Guard Server: <Response [200]>
2025-05-20 12:07:12,468 - root - INFO - trying to save event
2025-05-20 12:07:12,504 - root - INFO - response from Kitchen Guard Server: <Response [200]>
2025-05-20 12:07:12,504 - root - INFO - trying to save event
2025-05-20 12:07:12,530 - root - INFO - response from Kitchen Guard Server: <Response [200]>
2025-05-20 12:07:20,143 - root - INFO - trying to save event
2025-05-20 12:07:20,185 - root - INFO - response from Kitchen Guard Server: <Response [200]>
2025-05-20 12:07:33,125 - root - INFO - trying to save event
2025-05-20 12:07:34,295 - root - INFO - response from Kitchen Guard Server: <Response [200]>
2025-05-20 12:07:34,295 - root - INFO - trying to save event
2025-05-20 12:07:34,326 - root - INFO - response from Kitchen Guard Server: <Response [200]>
2025-05-20 12:07:43,456 - root - INFO - trying to save event
2025-05-20 12:07:43,511 - root - INFO - response from Kitchen Guard Server: <Response [200]>
2025-05-20 12:07:52,146 - root - INFO - trying to save event
2025-05-20 12:07:52,192 - root - INFO - response from Kitchen Guard Server: <Response [200]>
2025-05-20 12:08:04,375 - root - INFO - trying to save event
2025-05-20 12:08:04,424 - root - INFO - response from Kitchen Guard Server: <Response [200]>
2025-05-20 12:08:15,463 - root - INFO - trying to save event
2025-05-20 12:08:15,507 - root - INFO - response from Kitchen Guard Server: <Response [200]>
2025-05-20 12:08:33,129 - root - INFO - trying to save event
2025-05-20 12:08:33,201 - root - INFO - response from Kitchen Guard Server: <Response [200]>
2025-05-20 12:08:36,377 - root - INFO - trying to save event
2025-05-20 12:08:36,412 - root - INFO - response from Kitchen Guard Server: <Response [200]>
2025-05-20 12:08:37,160 - root - INFO - trying to save event
2025-05-20 12:08:37,250 - root - INFO - response from Kitchen Guard Server: <Response [200]>
2025-05-20 12:09:03,133 - root - INFO - trying to save event
2025-05-20 12:09:03,269 - root - INFO - response from Kitchen Guard Server: <Response [200]>
2025-05-20 12:09:05,132 - root - INFO - trying to save event
2025-05-20 12:09:05,211 - root - INFO - response from Kitchen Guard Server: <Response [200]>
2025-05-20 12:09:06,362 - root - INFO - trying to save event
2025-05-20 12:09:06,406 - root - INFO - response from Kitchen Guard Server: <Response [200]>
2025-05-20 12:09:09,162 - root - INFO - trying to save event
2025-05-20 12:09:09,210 - root - INFO - response from Kitchen Guard Server: <Response [200]>
2025-05-20 12:09:25,245 - root - INFO - trying to save event
2025-05-20 12:09:25,310 - root - INFO - response from Kitchen Guard Server: <Response [200]>
2025-05-20 12:09:37,968 - root - INFO - trying to save event
2025-05-20 12:09:38,016 - root - INFO - response from Kitchen Guard Server: <Response [200]>
2025-05-20 12:09:57,253 - root - INFO - trying to save event
2025-05-20 12:09:57,310 - root - INFO - response from Kitchen Guard Server: <Response [200]>
2025-05-20 12:10:09,969 - root - INFO - trying to save event
2025-05-20 12:10:10,057 - root - INFO - response from Kitchen Guard Server: <Response [200]>
2025-05-20 12:10:11,324 - root - INFO - trying to save event
2025-05-20 12:10:11,354 - root - INFO - response from Kitchen Guard Server: <Response [200]>
2025-05-20 12:10:43,328 - root - INFO - trying to save event
2025-05-20 12:10:43,412 - root - INFO - response from Kitchen Guard Server: <Response [200]>
2025-05-20 12:10:59,648 - root - INFO - trying to save event
2025-05-20 12:10:59,798 - root - INFO - response from Kitchen Guard Server: <Response [200]>
2025-05-20 12:11:10,665 - root - INFO - trying to save event
2025-05-20 12:11:10,751 - root - INFO - response from Kitchen Guard Server: <Response [200]>
2025-05-20 12:11:31,651 - root - INFO - trying to save event
2025-05-20 12:11:31,741 - root - INFO - response from Kitchen Guard Server: <Response [200]>
2025-05-20 12:11:42,668 - root - INFO - trying to save event
2025-05-20 12:11:42,724 - root - INFO - response from Kitchen Guard Server: <Response [200]>
2025-05-20 12:11:54,044 - root - INFO - trying to save event
2025-05-20 12:11:54,098 - root - INFO - response from Kitchen Guard Server: <Response [200]>
2025-05-20 12:12:15,860 - root - INFO - trying to save event
2025-05-20 12:12:15,915 - root - INFO - response from Kitchen Guard Server: <Response [200]>
2025-05-20 12:12:26,054 - root - INFO - trying to save event
2025-05-20 12:12:26,087 - root - INFO - response from Kitchen Guard Server: <Response [200]>
2025-05-20 12:12:29,087 - root - INFO - trying to save event
2025-05-20 12:12:29,122 - root - INFO - response from Kitchen Guard Server: <Response [200]>
2025-05-20 12:12:44,442 - root - INFO - trying to save event
2025-05-20 12:12:44,557 - root - INFO - response from Kitchen Guard Server: <Response [200]>
2025-05-20 12:12:44,557 - root - INFO - trying to save event
2025-05-20 12:12:44,656 - root - INFO - response from Kitchen Guard Server: <Response [200]>
2025-05-20 12:12:47,864 - root - INFO - trying to save event
2025-05-20 12:12:47,921 - root - INFO - response from Kitchen Guard Server: <Response [200]>
2025-05-20 12:12:53,744 - root - INFO - trying to save event
2025-05-20 12:12:53,791 - root - INFO - response from Kitchen Guard Server: <Response [200]>
2025-05-20 12:12:53,791 - root - INFO - trying to save event
2025-05-20 12:12:53,818 - root - INFO - response from Kitchen Guard Server: <Response [200]>
2025-05-20 12:13:01,093 - root - INFO - trying to save event
2025-05-20 12:13:01,158 - root - INFO - response from Kitchen Guard Server: <Response [200]>
2025-05-20 12:13:18,637 - root - INFO - trying to save event
2025-05-20 12:13:18,674 - root - INFO - response from Kitchen Guard Server: <Response [200]>
2025-05-20 12:13:50,172 - root - INFO - trying to save event
2025-05-20 12:13:50,217 - root - INFO - response from Kitchen Guard Server: <Response [200]>
2025-05-20 12:13:50,218 - root - INFO - trying to save event
2025-05-20 12:13:50,298 - root - INFO - response from Kitchen Guard Server: <Response [200]>
2025-05-20 12:13:50,637 - root - INFO - trying to save event
2025-05-20 12:13:50,666 - root - INFO - response from Kitchen Guard Server: <Response [200]>
2025-05-20 12:13:52,086 - root - INFO - trying to save event
2025-05-20 12:13:52,117 - root - INFO - response from Kitchen Guard Server: <Response [200]>
2025-05-20 12:14:24,092 - root - INFO - trying to save event
2025-05-20 12:14:24,145 - root - INFO - response from Kitchen Guard Server: <Response [200]>
2025-05-20 12:14:36,222 - root - INFO - trying to save event
2025-05-20 12:14:36,379 - root - INFO - response from Kitchen Guard Server: <Response [200]>
2025-05-20 12:14:36,838 - root - INFO - trying to save event
2025-05-20 12:14:36,932 - root - INFO - response from Kitchen Guard Server: <Response [200]>
2025-05-20 12:15:06,521 - root - INFO - trying to save event
2025-05-20 12:15:06,690 - root - INFO - response from Kitchen Guard Server: <Response [200]>
2025-05-20 12:15:08,838 - root - INFO - trying to save event
2025-05-20 12:15:08,869 - root - INFO - response from Kitchen Guard Server: <Response [200]>
2025-05-20 12:15:20,180 - root - INFO - trying to save event
2025-05-20 12:15:20,233 - root - INFO - response from Kitchen Guard Server: <Response [200]>
2025-05-20 12:15:38,531 - root - INFO - trying to save event
2025-05-20 12:15:38,570 - root - INFO - response from Kitchen Guard Server: <Response [200]>
2025-05-20 12:15:58,675 - root - INFO - trying to save event
2025-05-20 12:15:58,778 - root - INFO - response from Kitchen Guard Server: <Response [200]>
2025-05-20 12:16:00,718 - root - INFO - trying to save event
2025-05-20 12:16:00,789 - root - INFO - response from Kitchen Guard Server: <Response [200]>
2025-05-20 12:16:00,789 - root - INFO - trying to save event
2025-05-20 12:16:00,815 - root - INFO - response from Kitchen Guard Server: <Response [200]>
2025-05-20 12:16:01,141 - root - INFO - trying to save event
2025-05-20 12:16:01,179 - root - INFO - response from Kitchen Guard Server: <Response [200]>
2025-05-20 12:16:23,288 - root - INFO - trying to save event
2025-05-20 12:16:23,316 - root - INFO - response from Kitchen Guard Server: <Response [200]>
2025-05-20 12:16:30,675 - root - INFO - trying to save event
2025-05-20 12:16:30,729 - root - INFO - response from Kitchen Guard Server: <Response [200]>
2025-05-20 12:16:33,142 - root - INFO - trying to save event
2025-05-20 12:16:33,186 - root - INFO - response from Kitchen Guard Server: <Response [200]>
2025-05-20 12:16:33,768 - root - INFO - trying to save event
2025-05-20 12:16:33,815 - root - INFO - response from Kitchen Guard Server: <Response [200]>
2025-05-20 12:16:47,569 - root - INFO - trying to save event
2025-05-20 12:16:47,614 - root - INFO - response from Kitchen Guard Server: <Response [200]>
2025-05-20 12:16:47,614 - root - INFO - trying to save event
2025-05-20 12:16:47,647 - root - INFO - response from Kitchen Guard Server: <Response [200]>
2025-05-20 12:16:58,649 - root - INFO - trying to save event
2025-05-20 12:16:58,699 - root - INFO - response from Kitchen Guard Server: <Response [200]>
2025-05-20 12:17:05,774 - root - INFO - trying to save event
2025-05-20 12:17:05,869 - root - INFO - response from Kitchen Guard Server: <Response [200]>
2025-05-20 12:17:11,076 - root - INFO - trying to save event
2025-05-20 12:17:11,113 - root - INFO - response from Kitchen Guard Server: <Response [200]>
2025-05-20 12:17:30,653 - root - INFO - trying to save event
2025-05-20 12:17:30,678 - root - INFO - response from Kitchen Guard Server: <Response [200]>
2025-05-20 12:17:42,251 - root - INFO - trying to save event
2025-05-20 12:17:42,333 - root - INFO - response from Kitchen Guard Server: <Response [200]>
2025-05-20 12:17:43,078 - root - INFO - trying to save event
2025-05-20 12:17:43,119 - root - INFO - response from Kitchen Guard Server: <Response [200]>
2025-05-20 12:18:02,192 - root - INFO - trying to save event
2025-05-20 12:18:02,241 - root - INFO - response from Kitchen Guard Server: <Response [200]>
2025-05-20 12:18:14,256 - root - INFO - trying to save event
2025-05-20 12:18:14,302 - root - INFO - response from Kitchen Guard Server: <Response [200]>
2025-05-20 12:18:17,575 - root - INFO - trying to save event
2025-05-20 12:18:17,609 - root - INFO - response from Kitchen Guard Server: <Response [200]>
2025-05-20 12:18:20,107 - root - INFO - trying to save event
2025-05-20 12:18:20,195 - root - INFO - response from Kitchen Guard Server: <Response [200]>
2025-05-20 12:18:20,195 - root - INFO - trying to save event
2025-05-20 12:18:20,224 - root - INFO - response from Kitchen Guard Server: <Response [200]>
2025-05-20 12:18:23,154 - root - INFO - trying to save event
2025-05-20 12:18:23,199 - root - INFO - response from Kitchen Guard Server: <Response [200]>
2025-05-20 12:18:32,788 - root - INFO - trying to save event
2025-05-20 12:18:32,841 - root - INFO - response from Kitchen Guard Server: <Response [200]>
2025-05-20 12:18:49,400 - root - INFO - trying to save event
2025-05-20 12:18:49,506 - root - INFO - response from Kitchen Guard Server: <Response [200]>
2025-05-20 12:19:04,795 - root - INFO - trying to save event
2025-05-20 12:19:05,892 - root - INFO - response from Kitchen Guard Server: <Response [200]>
2025-05-20 12:19:07,066 - root - INFO - trying to save event
2025-05-20 12:19:07,145 - root - INFO - response from Kitchen Guard Server: <Response [200]>
2025-05-20 12:19:07,145 - root - INFO - trying to save event
2025-05-20 12:19:07,195 - root - INFO - response from Kitchen Guard Server: <Response [200]>
2025-05-20 12:19:07,195 - root - INFO - trying to save event
2025-05-20 12:19:07,229 - root - INFO - response from Kitchen Guard Server: <Response [200]>
2025-05-20 12:19:21,403 - root - INFO - trying to save event
2025-05-20 12:19:21,444 - root - INFO - response from Kitchen Guard Server: <Response [200]>
2025-05-20 12:19:31,424 - root - INFO - trying to save event
2025-05-20 12:19:31,517 - root - INFO - response from Kitchen Guard Server: <Response [200]>
2025-05-20 12:19:39,066 - root - INFO - trying to save event
2025-05-20 12:19:39,119 - root - INFO - response from Kitchen Guard Server: <Response [200]>
2025-05-20 12:20:03,424 - root - INFO - trying to save event
2025-05-20 12:20:03,457 - root - INFO - response from Kitchen Guard Server: <Response [200]>
